2016-6-4 10:0:58:673 Steam.dll Loaded
2016-6-4 10:0:58:673 BlobPath --> C:\Game\Rust.Client.v25.02.2014\ClientRegistry.blob
2016-6-4 10:0:58:673 IniPath --> C:\Game\Rust.Client.v25.02.2014\LumaEmu.ini
2016-6-4 10:0:58:674 CachePath --> c:\program files (x86)\steam\steamapps\
2016-6-4 10:0:58:678 ClientRegistry.blob is found
2016-6-4 10:0:58:678 Using ContentDescriptionRecord
2016-6-4 10:0:58:808 SteamMiniDumpInit
2016-6-4 10:23:42:793 Steam.dll Shutdown
2016-6-4 10:35:1:476 Steam.dll Loaded
2016-6-4 10:35:1:476 BlobPath --> C:\Game\Rust.Client.v25.02.2014\ClientRegistry.blob
2016-6-4 10:35:1:477 IniPath --> C:\Game\Rust.Client.v25.02.2014\LumaEmu.ini
2016-6-4 10:35:1:477 CachePath --> c:\program files (x86)\steam\steamapps\
2016-6-4 10:35:1:554 ClientRegistry.blob is found
2016-6-4 10:35:1:555 Using ContentDescriptionRecord
2016-6-4 10:35:1:715 SteamMiniDumpInit
2016-6-4 10:36:21:320 Steam.dll Shutdown
2016-6-4 10:37:28:771 Steam.dll Loaded
2016-6-4 10:37:28:771 BlobPath --> C:\Game\Rust.Client.v25.02.2014\ClientRegistry.blob
2016-6-4 10:37:28:771 IniPath --> C:\Game\Rust.Client.v25.02.2014\LumaEmu.ini
2016-6-4 10:37:28:771 CachePath --> c:\program files (x86)\steam\steamapps\
2016-6-4 10:37:28:845 ClientRegistry.blob is found
2016-6-4 10:37:28:846 Using ContentDescriptionRecord
2016-6-4 10:37:28:991 SteamMiniDumpInit
2016-6-4 10:38:52:330 Steam.dll Shutdown
2016-6-4 10:49:58:712 Steam.dll Loaded
2016-6-4 10:49:58:712 BlobPath --> C:\Game\Rust.Client.v25.02.2014\ClientRegistry.blob
2016-6-4 10:49:58:712 IniPath --> C:\Game\Rust.Client.v25.02.2014\LumaEmu.ini
2016-6-4 10:49:58:713 CachePath --> c:\program files (x86)\steam\steamapps\
2016-6-4 10:49:58:717 ClientRegistry.blob is found
2016-6-4 10:49:58:717 Using ContentDescriptionRecord
2016-6-4 10:49:58:845 SteamMiniDumpInit
2016-6-4 10:50:55:115 Steam.dll Shutdown
2016-6-4 10:51:36:496 Steam.dll Loaded
2016-6-4 10:51:36:497 BlobPath --> C:\Game\Rust.Client.v25.02.2014\ClientRegistry.blob
2016-6-4 10:51:36:497 IniPath --> C:\Game\Rust.Client.v25.02.2014\LumaEmu.ini
2016-6-4 10:51:36:497 CachePath --> c:\program files (x86)\steam\steamapps\
2016-6-4 10:51:36:500 ClientRegistry.blob is found
2016-6-4 10:51:36:501 Using ContentDescriptionRecord
2016-6-4 10:51:36:631 SteamMiniDumpInit
2016-6-4 10:58:57:551 Steam.dll Loaded
2016-6-4 10:58:57:552 BlobPath --> C:\Game\Rust.Client.v25.02.2014\ClientRegistry.blob
2016-6-4 10:58:57:552 IniPath --> C:\Game\Rust.Client.v25.02.2014\LumaEmu.ini
2016-6-4 10:58:57:552 CachePath --> c:\program files (x86)\steam\steamapps\
2016-6-4 10:58:57:555 ClientRegistry.blob is found
2016-6-4 10:58:57:556 Using ContentDescriptionRecord
2016-6-4 10:58:57:685 SteamMiniDumpInit
2016-6-4 11:9:10:825 Steam.dll Shutdown
2016-6-4 14:3:42:353 Steam.dll Loaded
2016-6-4 14:3:42:353 BlobPath --> C:\Game\Rust.Client.v25.02.2014\ClientRegistry.blob
2016-6-4 14:3:42:353 IniPath --> C:\Game\Rust.Client.v25.02.2014\LumaEmu.ini
2016-6-4 14:3:42:353 CachePath --> c:\program files (x86)\steam\steamapps\
2016-6-4 14:3:42:357 ClientRegistry.blob is found
2016-6-4 14:3:42:357 Using ContentDescriptionRecord
2016-6-4 14:3:42:490 SteamMiniDumpInit
2016-6-4 14:10:6:795 Steam.dll Shutdown
2016-6-4 18:23:24:567 Steam.dll Loaded
2016-6-4 18:23:24:568 BlobPath --> C:\Game\Rust\ClientRegistry.blob
2016-6-4 18:23:24:568 IniPath --> C:\Game\Rust\LumaEmu.ini
2016-6-4 18:23:24:568 CachePath --> c:\program files (x86)\steam\steamapps\
2016-6-4 18:23:24:571 ClientRegistry.blob is found
2016-6-4 18:23:24:572 Using ContentDescriptionRecord
2016-6-4 18:23:24:699 SteamMiniDumpInit
2016-6-4 18:23:32:540 Steam.dll Shutdown
2016-6-4 18:26:36:370 Steam.dll Loaded
2016-6-4 18:26:36:370 BlobPath --> C:\Game\Rust\ClientRegistry.blob
2016-6-4 18:26:36:371 IniPath --> C:\Game\Rust\LumaEmu.ini
2016-6-4 18:26:36:371 CachePath --> c:\program files (x86)\steam\steamapps\
2016-6-4 18:26:36:376 ClientRegistry.blob is found
2016-6-4 18:26:36:377 Using ContentDescriptionRecord
2016-6-4 18:26:36:511 SteamMiniDumpInit
2016-6-4 19:20:30:326 Steam.dll Shutdown
2016-6-4 21:11:13:337 Steam.dll Loaded
2016-6-4 21:11:13:337 BlobPath --> C:\Game\Rust\ClientRegistry.blob
2016-6-4 21:11:13:338 IniPath --> C:\Game\Rust\LumaEmu.ini
2016-6-4 21:11:13:338 CachePath --> c:\program files (x86)\steam\steamapps\
2016-6-4 21:11:13:342 ClientRegistry.blob is found
2016-6-4 21:11:13:342 Using ContentDescriptionRecord
2016-6-4 21:11:13:468 SteamMiniDumpInit
2016-6-4 21:20:22:111 Steam.dll Shutdown
2016-6-5 17:38:57:293 Steam.dll Loaded
2016-6-5 17:38:57:318 BlobPath --> C:\Game\Rust\ClientRegistry.blob
2016-6-5 17:38:57:319 IniPath --> C:\Game\Rust\LumaEmu.ini
2016-6-5 17:38:57:319 CachePath --> c:\program files (x86)\steam\steamapps\
2016-6-5 17:38:57:403 ClientRegistry.blob is found
2016-6-5 17:38:57:403 Using ContentDescriptionRecord
2016-6-5 17:38:57:534 SteamMiniDumpInit
2016-6-5 17:39:30:856 Steam.dll Shutdown
2016-6-5 17:44:3:497 Steam.dll Loaded
2016-6-5 17:44:3:497 BlobPath --> C:\Game\Rust\ClientRegistry.blob
2016-6-5 17:44:3:497 IniPath --> C:\Game\Rust\LumaEmu.ini
2016-6-5 17:44:3:498 CachePath --> c:\program files (x86)\steam\steamapps\
2016-6-5 17:44:3:502 ClientRegistry.blob is found
2016-6-5 17:44:3:502 Using ContentDescriptionRecord
2016-6-5 17:44:3:631 SteamMiniDumpInit
2016-6-5 17:47:6:400 Steam.dll Shutdown
2016-6-5 21:8:52:559 Steam.dll Loaded
2016-6-5 21:8:52:582 BlobPath --> C:\Game\Rust\ClientRegistry.blob
2016-6-5 21:8:52:582 IniPath --> C:\Game\Rust\LumaEmu.ini
2016-6-5 21:8:52:582 CachePath --> c:\program files (x86)\steam\steamapps\
2016-6-5 21:8:52:656 ClientRegistry.blob is found
2016-6-5 21:8:52:656 Using ContentDescriptionRecord
2016-6-5 21:8:52:786 SteamMiniDumpInit
2016-6-5 21:22:18:240 Steam.dll Shutdown
2016-6-6 8:43:27:736 Steam.dll Loaded
2016-6-6 8:43:27:757 BlobPath --> C:\Game\Rust\ClientRegistry.blob
2016-6-6 8:43:27:757 IniPath --> C:\Game\Rust\LumaEmu.ini
2016-6-6 8:43:27:758 CachePath --> c:\program files (x86)\steam\steamapps\
2016-6-6 8:43:27:831 ClientRegistry.blob is found
2016-6-6 8:43:27:831 Using ContentDescriptionRecord
2016-6-6 8:43:27:962 SteamMiniDumpInit
2016-6-6 8:43:53:380 Steam.dll Shutdown
2016-6-6 8:44:2:667 Steam.dll Loaded
2016-6-6 8:44:2:667 BlobPath --> C:\Game\Rust\ClientRegistry.blob
2016-6-6 8:44:2:668 IniPath --> C:\Game\Rust\LumaEmu.ini
2016-6-6 8:44:2:668 CachePath --> c:\program files (x86)\steam\steamapps\
2016-6-6 8:44:2:746 ClientRegistry.blob is found
2016-6-6 8:44:2:746 Using ContentDescriptionRecord
2016-6-6 8:44:2:879 SteamMiniDumpInit
2016-6-6 8:45:54:576 Steam.dll Shutdown
2016-6-6 8:48:42:251 Steam.dll Loaded
2016-6-6 8:48:42:251 BlobPath --> C:\Game\Rust\ClientRegistry.blob
2016-6-6 8:48:42:251 IniPath --> C:\Game\Rust\LumaEmu.ini
2016-6-6 8:48:42:252 CachePath --> c:\program files (x86)\steam\steamapps\
2016-6-6 8:48:42:326 ClientRegistry.blob is found
2016-6-6 8:48:42:326 Using ContentDescriptionRecord
2016-6-6 8:48:42:455 SteamMiniDumpInit
2016-6-6 9:5:0:308 Steam.dll Shutdown
2016-6-6 10:43:32:615 Steam.dll Loaded
2016-6-6 10:43:32:615 BlobPath --> C:\Game\Rust\ClientRegistry.blob
2016-6-6 10:43:32:616 IniPath --> C:\Game\Rust\LumaEmu.ini
2016-6-6 10:43:32:616 CachePath --> c:\program files (x86)\steam\steamapps\
2016-6-6 10:43:32:669 ClientRegistry.blob is found
2016-6-6 10:43:32:670 Using ContentDescriptionRecord
2016-6-6 10:43:32:800 SteamMiniDumpInit
2016-6-6 10:50:51:540 Steam.dll Shutdown
2016-6-6 17:58:7:877 Steam.dll Loaded
2016-6-6 17:58:7:901 BlobPath --> C:\Game\Rust\ClientRegistry.blob
2016-6-6 17:58:7:901 IniPath --> C:\Game\Rust\LumaEmu.ini
2016-6-6 17:58:7:901 CachePath --> c:\program files (x86)\steam\steamapps\
2016-6-6 17:58:7:974 ClientRegistry.blob is found
2016-6-6 17:58:7:975 Using ContentDescriptionRecord
2016-6-6 17:58:8:109 SteamMiniDumpInit
2016-6-6 18:10:41:893 Steam.dll Shutdown
2016-6-6 18:11:11:346 Steam.dll Loaded
2016-6-6 18:11:11:346 BlobPath --> C:\Game\Rust\ClientRegistry.blob
2016-6-6 18:11:11:346 IniPath --> C:\Game\Rust\LumaEmu.ini
2016-6-6 18:11:11:347 CachePath --> c:\program files (x86)\steam\steamapps\
2016-6-6 18:11:11:352 ClientRegistry.blob is found
2016-6-6 18:11:11:352 Using ContentDescriptionRecord
2016-6-6 18:11:11:479 SteamMiniDumpInit
2016-6-6 19:47:40:800 Steam.dll Shutdown
2016-6-6 19:48:5:111 Steam.dll Loaded
2016-6-6 19:48:5:111 BlobPath --> C:\Game\Rust\ClientRegistry.blob
2016-6-6 19:48:5:112 IniPath --> C:\Game\Rust\LumaEmu.ini
2016-6-6 19:48:5:112 CachePath --> c:\program files (x86)\steam\steamapps\
2016-6-6 19:48:5:115 ClientRegistry.blob is found
2016-6-6 19:48:5:115 Using ContentDescriptionRecord
2016-6-6 19:48:5:245 SteamMiniDumpInit
2016-6-6 19:48:15:578 Steam.dll Shutdown
2016-6-6 19:48:28:271 Steam.dll Loaded
2016-6-6 19:48:28:271 BlobPath --> C:\Game\Rust\ClientRegistry.blob
2016-6-6 19:48:28:271 IniPath --> C:\Game\Rust\LumaEmu.ini
2016-6-6 19:48:28:271 CachePath --> c:\program files (x86)\steam\steamapps\
2016-6-6 19:48:28:275 ClientRegistry.blob is found
2016-6-6 19:48:28:276 Using ContentDescriptionRecord
2016-6-6 19:48:28:409 SteamMiniDumpInit
2016-6-6 19:49:28:518 Steam.dll Shutdown
2016-6-7 13:41:37:961 Steam.dll Loaded
2016-6-7 13:41:37:976 BlobPath --> C:\Game\Rust\ClientRegistry.blob
2016-6-7 13:41:37:977 IniPath --> C:\Game\Rust\LumaEmu.ini
2016-6-7 13:41:37:977 CachePath --> c:\program files (x86)\steam\steamapps\
2016-6-7 13:41:38:50 ClientRegistry.blob is found
2016-6-7 13:41:38:50 Using ContentDescriptionRecord
2016-6-7 13:41:38:176 SteamMiniDumpInit
2016-6-7 13:41:49:387 Steam.dll Shutdown
2016-6-7 13:42:0:955 Steam.dll Loaded
2016-6-7 13:42:0:955 BlobPath --> C:\Game\Rust\ClientRegistry.blob
2016-6-7 13:42:0:955 IniPath --> C:\Game\Rust\LumaEmu.ini
2016-6-7 13:42:0:955 CachePath --> c:\program files (x86)\steam\steamapps\
2016-6-7 13:42:0:959 ClientRegistry.blob is found
2016-6-7 13:42:0:959 Using ContentDescriptionRecord
2016-6-7 13:42:1:84 SteamMiniDumpInit
2016-6-7 14:9:48:927 Steam.dll Shutdown
2016-6-7 17:57:53:118 Steam.dll Loaded
2016-6-7 17:57:53:142 BlobPath --> C:\Game\Rust\ClientRegistry.blob
2016-6-7 17:57:53:143 IniPath --> C:\Game\Rust\LumaEmu.ini
2016-6-7 17:57:53:143 CachePath --> c:\program files (x86)\steam\steamapps\
2016-6-7 17:57:53:216 ClientRegistry.blob is found
2016-6-7 17:57:53:217 Using ContentDescriptionRecord
2016-6-7 17:57:53:379 SteamMiniDumpInit
2016-6-7 18:19:27:466 Steam.dll Shutdown
2016-7-14 1:38:50:202 Steam.dll Loaded
2016-7-14 1:38:50:202 BlobPath --> C:\Users\Backman\Desktop\DeadAliveRust\Rust.Client\ClientRegistry.blob
2016-7-14 1:38:50:202 IniPath --> C:\Users\Backman\Desktop\DeadAliveRust\Rust.Client\LumaEmu.ini
2016-7-14 1:38:50:202 CachePath --> c:\program files (x86)\steam\steamapps\
2016-7-14 1:38:50:209 ClientRegistry.blob is found
2016-7-14 1:38:50:209 Using ContentDescriptionRecord
2016-7-14 1:38:50:420 SteamMiniDumpInit
2016-7-14 1:41:36:515 Steam.dll Shutdown
2016-7-14 1:43:8:72 Steam.dll Loaded
2016-7-14 1:43:8:72 BlobPath --> C:\Users\Backman\Desktop\DeadAliveRust\Rust.Client\ClientRegistry.blob
2016-7-14 1:43:8:72 IniPath --> C:\Users\Backman\Desktop\DeadAliveRust\Rust.Client\LumaEmu.ini
2016-7-14 1:43:8:72 CachePath --> c:\program files (x86)\steam\steamapps\
2016-7-14 1:43:8:131 ClientRegistry.blob is found
2016-7-14 1:43:8:131 Using ContentDescriptionRecord
2016-7-14 1:43:8:340 SteamMiniDumpInit
2016-7-14 1:44:15:571 Steam.dll Shutdown
2016-7-14 1:44:34:179 Steam.dll Loaded
2016-7-14 1:44:34:179 BlobPath --> C:\Users\Backman\Desktop\DeadAliveRust\Rust.Client\ClientRegistry.blob
2016-7-14 1:44:34:179 IniPath --> C:\Users\Backman\Desktop\DeadAliveRust\Rust.Client\LumaEmu.ini
2016-7-14 1:44:34:179 CachePath --> c:\program files (x86)\steam\steamapps\
2016-7-14 1:44:34:190 ClientRegistry.blob is found
2016-7-14 1:44:34:190 Using ContentDescriptionRecord
2016-7-14 1:44:34:399 SteamMiniDumpInit
2020-3-11 0:41:41:506 Steam.dll Loaded
2020-3-11 0:41:41:513 BlobPath --> C:\Games\ClientRegistry.blob
2020-3-11 0:41:41:519 IniPath --> C:\Games\LumaEmu.ini
2020-3-11 0:41:41:525 CachePath --> c:\program files (x86)\steam\steamapps\
2020-3-11 0:41:41:537 ClientRegistry.blob is found
2020-3-11 0:41:41:544 Using ContentDescriptionRecord
2020-3-11 0:41:41:784 SteamMiniDumpInit
2020-3-11 0:42:20:245 Steam.dll Shutdown
